00:15:17.806 [main                     ] DEBUG Logger               - Configured Logger
00:15:17.821 [main                     ] DEBUG GameApplication      - Logging settings
Title: 中国象棋 1.0
Version: 1.0
Width: 1386
Height: 887
Fullscreen: false
Intro: false
Profiling: false
Single step:false
App Mode: DEVELOPER
Menu Key: ESCAPE
Stage Style: DECORATED
Scene Factory: class com.almasb.fxgl.app.scene.SceneFactory

00:15:18.201 [JavaFX Application Thread] DEBUG FXGLApplication      - Initializing FXGL
00:15:18.202 [JavaFX Application Thread] INFO  Engine               - FXGL-21.1 (27.03.2024 07.52) on WINDOWS (J:23.0.1 FX:21.0.1)
00:15:18.202 [JavaFX Application Thread] DEBUG Engine               - JRE Vendor Name: Oracle Corporation
00:15:18.202 [JavaFX Application Thread] DEBUG Engine               - Running on OS: Windows 11 version 10.0
00:15:18.202 [JavaFX Application Thread] DEBUG Engine               - Architecture: amd64
00:15:18.202 [JavaFX Application Thread] INFO  Engine               - Source code and latest versions at: https://github.com/AlmasB/FXGL
00:15:18.202 [JavaFX Application Thread] INFO  Engine               -       Ask questions and discuss at: https://github.com/AlmasB/FXGL/discussions
00:15:18.203 [JavaFX Application Thread] INFO  Engine               -              Join the FXGL chat at: https://gitter.im/AlmasB/FXGL
00:15:18.259 [JavaFX Application Thread] DEBUG PrimaryStageWindow   - Creating a JavaFX scene
00:15:18.286 [JavaFX Application Thread] DEBUG PrimaryStageWindow   - Target settings size: 1386.0 x 887.0
00:15:18.286 [JavaFX Application Thread] DEBUG PrimaryStageWindow   - Scaled scene size:    1386.0 x 887.0
00:15:18.286 [JavaFX Application Thread] DEBUG PrimaryStageWindow   - Scaled ratio: (1.0, 1.0)
00:15:18.287 [JavaFX Application Thread] DEBUG PrimaryStageWindow   - Set initial scene to FXGLStartupScene
00:15:18.288 [JavaFX Application Thread] DEBUG PrimaryStageWindow   - Opening main window
00:15:18.365 [JavaFX Application Thread] DEBUG PrimaryStageWindow   - Window border size: (14.6666259765625, 37.66668701171875)
00:15:18.365 [JavaFX Application Thread] DEBUG PrimaryStageWindow   - Scaled size: 1386.0 x 887.0
00:15:18.365 [JavaFX Application Thread] DEBUG PrimaryStageWindow   - Scaled ratio: (1.0, 1.0)
00:15:18.365 [JavaFX Application Thread] DEBUG PrimaryStageWindow   - Scene size: 1386.0 x 887.0
00:15:18.365 [JavaFX Application Thread] DEBUG PrimaryStageWindow   - Stage size: 1400.6666259765625 x 924.6666870117188
00:15:18.369 [FXGL Background Thread 1 ] DEBUG Engine               - Initializing environment variables
00:15:18.396 [FXGL Background Thread 1 ] DEBUG FXGLAssetLoaderServi - User app class for loading assets: class edu.sustech.xiangqi.XiangQiApp
00:15:18.398 [FXGL Background Thread 1 ] DEBUG GameApplicationServi - Applying CSS: fxgl_dark.css
00:15:18.398 [FXGL Background Thread 1 ] DEBUG FXGLAssetLoaderServi - Loading from file system: jar:file:/C:/Users/20140/.m2/repository/com/github/almasb/fxgl/21.1/fxgl-21.1.jar!/fxglassets/ui/css/fxgl_dark.css
00:15:18.422 [FXGL Background Thread 1 ] DEBUG GameApplicationServi - Initializing application scenes
00:15:18.492 [FXGL Background Thread 1 ] DEBUG GameWorld            - Game world initialized
00:15:18.518 [FXGL Background Thread 1 ] DEBUG PhysicsWorld         - Physics world initialized: appHeight=887, physics.ppm=50.0
00:15:18.518 [FXGL Background Thread 1 ] DEBUG PhysicsWorld         - Using strategy: BRUTE_FORCE
00:15:18.521 [FXGL Background Thread 1 ] DEBUG GameScene            - Game scene initialized: 1386x887
00:15:18.526 [FXGL Background Thread 1 ] DEBUG FXGL.DefaultMenu     - createMenuBodyGameMenu()
00:15:18.534 [FXGL Background Thread 1 ] DEBUG FXGL.DefaultMenu     - createOptionsMenu()
00:15:18.540 [FXGL Background Thread 1 ] DEBUG FXGLAssetLoaderServi - Loading from file system: jar:file:/C:/Users/20140/.m2/repository/com/github/almasb/fxgl/21.1/fxgl-21.1.jar!/fxglassets/textures/particles/smoke.png
00:15:18.609 [FXGL Background Thread 1 ] DEBUG FXGLAssetLoaderServi - Loading from file system: jar:file:/C:/Users/20140/.m2/repository/com/github/almasb/fxgl/21.1/fxgl-21.1.jar!/fxglassets/textures/particles/trace_horizontal.png
00:15:18.626 [FXGL Background Thread 1 ] DEBUG GameApplicationServi - Application scenes initialized
00:15:18.637 [FXGL Background Thread 1 ] DEBUG SystemBundleService  - Loading FXGL system data
00:15:18.638 [FXGL Background Thread 1 ] DEBUG FileSystemAccess     - Reading from: D:\Github\javaA-xiangqi-project\system\fxgl.bundle
00:15:18.640 [FXGL Background Thread 1 ] DEBUG SystemBundleService  - Bundle FXGL: {}
00:15:18.640 [FXGL Background Thread 1 ] DEBUG UpdaterService       - Checking for updates
00:15:18.643 [FXGL Background Thread 4 ] DEBUG FXGLApplication      - Loading fonts
00:15:18.643 [FXGL Background Thread 4 ] DEBUG FXGLAssetLoaderServi - Loading from file system: jar:file:/C:/Users/20140/.m2/repository/com/github/almasb/fxgl/21.1/fxgl-21.1.jar!/fxglassets/ui/fonts/VarelaRound-Regular.ttf
00:15:18.645 [FXGL Background Thread 1 ] DEBUG FXGLApplication      - Loading default localization
00:15:18.646 [FXGL Background Thread 1 ] DEBUG FXGLAssetLoaderServi - Loading from file system: jar:file:/C:/Users/20140/.m2/repository/com/github/almasb/fxgl/21.1/fxgl-21.1.jar!/fxglassets/languages/english.lang
00:15:18.665 [FXGL Background Thread 4 ] DEBUG FXGLAssetLoaderServi - Loading from file system: jar:file:/C:/Users/20140/.m2/repository/com/github/almasb/fxgl/21.1/fxgl-21.1.jar!/fxglassets/ui/fonts/Abel-Regular.ttf
00:15:18.674 [FXGL Background Thread 4 ] DEBUG FXGLAssetLoaderServi - Loading from file system: jar:file:/C:/Users/20140/.m2/repository/com/github/almasb/fxgl/21.1/fxgl-21.1.jar!/fxglassets/ui/fonts/TerminalLandMono-Regular.otf
00:15:18.683 [FXGL Background Thread 4 ] DEBUG FXGLAssetLoaderServi - Loading from file system: jar:file:/C:/Users/20140/.m2/repository/com/github/almasb/fxgl/21.1/fxgl-21.1.jar!/fxglassets/ui/fonts/Courier-Prime.ttf
00:15:18.694 [FXGL Background Thread 1 ] INFO  FXGLApplication      - FXGL initialization took: 0.325 sec
00:15:18.703 [JavaFX Application Thread] DEBUG Input                - Registered new binding: Click - LMB
00:15:18.703 [JavaFX Application Thread] DEBUG FXGLAssetLoaderServi - Loading from file system: jar:file:/C:/Users/20140/.m2/repository/com/github/almasb/fxgl/21.1/fxgl-21.1.jar!/fxglassets/textures/fxgl_icon.png
00:15:18.723 [JavaFX Application Thread] DEBUG FXGLAssetLoaderServi - Loading from file system: jar:file:/C:/Users/20140/.m2/repository/com/github/almasb/fxgl/21.1/fxgl-21.1.jar!/fxglassets/textures/fxgl_default_cursor.png
00:15:18.733 [JavaFX Application Thread] DEBUG Input                - Registered new binding: Screenshot - CTRL+8
00:15:18.734 [JavaFX Application Thread] DEBUG Input                - Registered new binding: System info dump - CTRL+9
00:15:18.735 [JavaFX Application Thread] DEBUG Input                - Registered new binding: Restart - CTRL+R
00:15:18.736 [JavaFX Application Thread] DEBUG Input                - Registered new binding: Toggle Debug Camera - CTRL+7
00:15:18.743 [JavaFX Application Thread] DEBUG LoopRunner           - Starting loop
00:15:18.743 [JavaFX Application Thread] DEBUG LoopRunner           - Initializing JavaFX AnimationTimerLoop
00:15:18.746 [JavaFX Application Thread] DEBUG GameApplicationServi - Starting new game
00:15:18.747 [JavaFX Application Thread] DEBUG Input                - Clearing active input actions
00:15:18.757 [JavaFX Application Thread] DEBUG GameApplicationServi - Removing overlay from FXGLStartupScene and adding to FXGLLoadingScene
00:15:18.758 [JavaFX Application Thread] DEBUG PrimaryStageWindow   - FXGLStartupScene -> FXGLLoadingScene
00:15:18.758 [JavaFX Application Thread] DEBUG GameApplicationServi - Clearing previous game
00:15:18.758 [JavaFX Application Thread] DEBUG GameScene            - Clearing game scene
00:15:18.758 [JavaFX Application Thread] DEBUG GameWorld            - Clearing game world
00:15:18.758 [JavaFX Application Thread] DEBUG PhysicsWorld         - Clearing physics world
00:15:18.761 [JavaFX Application Thread] DEBUG FXGLApplication      - Registering font factories with UI factory
00:15:18.761 [FXGL Background Thread 4 ] DEBUG FXGLApplication      - Initializing game
00:15:18.786 [FXGL Background Thread 4 ] DEBUG FXGLAssetLoaderServi - Loading from file system: file:/D:/Github/javaA-xiangqi-project/target/classes/assets/textures/BackGround1.jpg
00:15:18.819 [FXGL Background Thread 4 ] DEBUG FXGLAssetLoaderServi - Loading from file system: file:/D:/Github/javaA-xiangqi-project/target/classes/assets/textures/Board.png
00:15:18.836 [FXGL Background Thread 4 ] DEBUG FXGLAssetLoaderServi - Loading from file system: file:/D:/Github/javaA-xiangqi-project/target/classes/assets/textures/BlackChariot.png
00:15:18.861 [FXGL Background Thread 4 ] DEBUG FXGLAssetLoaderServi - Loading from file system: file:/D:/Github/javaA-xiangqi-project/target/classes/assets/textures/BlackHorse.png
00:15:18.864 [FXGL Background Thread 4 ] DEBUG FXGLAssetLoaderServi - Loading from file system: file:/D:/Github/javaA-xiangqi-project/target/classes/assets/textures/BlackElephant.png
00:15:18.866 [FXGL Background Thread 4 ] DEBUG FXGLAssetLoaderServi - Loading from file system: file:/D:/Github/javaA-xiangqi-project/target/classes/assets/textures/BlackAdvisor.png
00:15:18.868 [FXGL Background Thread 4 ] DEBUG FXGLAssetLoaderServi - Loading from file system: file:/D:/Github/javaA-xiangqi-project/target/classes/assets/textures/BlackGeneral.png
00:15:18.871 [FXGL Background Thread 4 ] DEBUG FXGLAssetLoaderServi - Loading from file system: file:/D:/Github/javaA-xiangqi-project/target/classes/assets/textures/BlackCannon.png
00:15:18.873 [FXGL Background Thread 4 ] DEBUG FXGLAssetLoaderServi - Loading from file system: file:/D:/Github/javaA-xiangqi-project/target/classes/assets/textures/BlackSoldier.png
00:15:18.875 [FXGL Background Thread 4 ] DEBUG FXGLAssetLoaderServi - Loading from file system: file:/D:/Github/javaA-xiangqi-project/target/classes/assets/textures/RedSoldier.png
00:15:18.878 [FXGL Background Thread 4 ] DEBUG FXGLAssetLoaderServi - Loading from file system: file:/D:/Github/javaA-xiangqi-project/target/classes/assets/textures/RedCannon.png
00:15:18.879 [FXGL Background Thread 4 ] DEBUG FXGLAssetLoaderServi - Loading from file system: file:/D:/Github/javaA-xiangqi-project/target/classes/assets/textures/RedChariot.png
00:15:18.881 [FXGL Background Thread 4 ] DEBUG FXGLAssetLoaderServi - Loading from file system: file:/D:/Github/javaA-xiangqi-project/target/classes/assets/textures/RedHorse.png
00:15:18.883 [FXGL Background Thread 4 ] DEBUG FXGLAssetLoaderServi - Loading from file system: file:/D:/Github/javaA-xiangqi-project/target/classes/assets/textures/RedElephant.png
00:15:18.884 [FXGL Background Thread 4 ] DEBUG FXGLAssetLoaderServi - Loading from file system: file:/D:/Github/javaA-xiangqi-project/target/classes/assets/textures/RedAdvisor.png
00:15:18.885 [FXGL Background Thread 4 ] DEBUG FXGLAssetLoaderServi - Loading from file system: file:/D:/Github/javaA-xiangqi-project/target/classes/assets/textures/RedGeneral.png
00:15:18.901 [FXGL Background Thread 4 ] INFO  FXGLApplication      - Game initialization took: 0.140 sec
00:15:18.909 [JavaFX Application Thread] DEBUG Input                - Clearing active input actions
00:15:18.921 [JavaFX Application Thread] DEBUG GameApplicationServi - Removing overlay from FXGLLoadingScene and adding to GameScene
00:15:18.921 [JavaFX Application Thread] DEBUG PrimaryStageWindow   - FXGLLoadingScene -> GameScene
00:15:21.643 [FXGL Background Thread 3 ] DEBUG Engine               - Logging environment variables
00:15:21.643 [FXGL Background Thread 3 ] DEBUG Engine               - achievements: []
00:15:21.643 [FXGL Background Thread 3 ] DEBUG Engine               - actualHeight: 887.0
00:15:21.643 [FXGL Background Thread 3 ] DEBUG Engine               - actualHeightProperty: ReadOnlyDoubleProperty [value: 887.0]
00:15:21.643 [FXGL Background Thread 3 ] DEBUG Engine               - actualWidth: 1386.0
00:15:21.643 [FXGL Background Thread 3 ] DEBUG Engine               - actualWidthProperty: ReadOnlyDoubleProperty [value: 1386.0]
00:15:21.643 [FXGL Background Thread 3 ] DEBUG Engine               - appIcon: fxgl_icon.png
00:15:21.643 [FXGL Background Thread 3 ] DEBUG Engine               - applicationMode: DEVELOPER
00:15:21.643 [FXGL Background Thread 3 ] DEBUG Engine               - cSSList: [fxgl_dark.css]
00:15:21.643 [FXGL Background Thread 3 ] DEBUG Engine               - collisionDetectionStrategy: BRUTE_FORCE
00:15:21.643 [FXGL Background Thread 3 ] DEBUG Engine               - configClass: Optional.empty
00:15:21.643 [FXGL Background Thread 3 ] DEBUG Engine               - credits: []
00:15:21.644 [FXGL Background Thread 3 ] DEBUG Engine               - defaultCursor: CursorInfo(imageName=fxgl_default_cursor.png, hotspotX=7.0, hotspotY=6.0)
00:15:21.644 [FXGL Background Thread 3 ] DEBUG Engine               - devBBoxColorProperty: ObjectProperty [value: 0xff0000ff]
00:15:21.644 [FXGL Background Thread 3 ] DEBUG Engine               - devEnableDebugCameraProperty: BooleanProperty [value: false]
00:15:21.644 [FXGL Background Thread 3 ] DEBUG Engine               - devSensorColorProperty: ObjectProperty [value: 0xffff00ff]
00:15:21.644 [FXGL Background Thread 3 ] DEBUG Engine               - devShowBBoxProperty: BooleanProperty [value: false]
00:15:21.644 [FXGL Background Thread 3 ] DEBUG Engine               - devShowPositionProperty: BooleanProperty [value: false]
00:15:21.644 [FXGL Background Thread 3 ] DEBUG Engine               - enabledMenuItems: []
00:15:21.644 [FXGL Background Thread 3 ] DEBUG Engine               - engineServices: [class com.almasb.fxgl.app.services.FXGLAssetLoaderService, class com.almasb.fxgl.app.FXGLApplication$GameApplicationService, class com.almasb.fxgl.app.services.FXGLDialogService, class com.almasb.fxgl.app.services.IOTaskExecutorService, class com.almasb.fxgl.io.FileSystemService, class com.almasb.fxgl.localization.LocalizationService, class com.almasb.fxgl.app.services.SystemBundleService, class com.almasb.fxgl.profile.SaveLoadService, class com.almasb.fxgl.ui.FXGLUIFactoryServiceProvider, class com.almasb.fxgl.ui.FXGLDialogFactoryServiceProvider, class com.almasb.fxgl.audio.AudioPlayer, class com.almasb.fxgl.notification.impl.NotificationServiceProvider, class com.almasb.fxgl.achievement.AchievementService, class com.almasb.fxgl.cutscene.CutsceneService, class com.almasb.fxgl.minigames.MiniGameService, class com.almasb.fxgl.net.NetService, class com.almasb.fxgl.app.services.UpdaterService, class com.almasb.fxgl.dev.DevService]
00:15:21.644 [FXGL Background Thread 3 ] DEBUG Engine               - fontGame: Abel-Regular.ttf
00:15:21.644 [FXGL Background Thread 3 ] DEBUG Engine               - fontMono: TerminalLandMono-Regular.otf
00:15:21.644 [FXGL Background Thread 3 ] DEBUG Engine               - fontSizeScaleUI: 1.0
00:15:21.644 [FXGL Background Thread 3 ] DEBUG Engine               - fontText: Courier-Prime.ttf
00:15:21.645 [FXGL Background Thread 3 ] DEBUG Engine               - fontUI: VarelaRound-Regular.ttf
00:15:21.645 [FXGL Background Thread 3 ] DEBUG Engine               - fullScreen: BooleanProperty [value: false]
00:15:21.645 [FXGL Background Thread 3 ] DEBUG Engine               - gameDifficulty: MEDIUM
00:15:21.645 [FXGL Background Thread 3 ] DEBUG Engine               - gameDifficultyProperty: ObjectProperty [value: MEDIUM]
00:15:21.645 [FXGL Background Thread 3 ] DEBUG Engine               - globalMusicVolume: 0.5
00:15:21.645 [FXGL Background Thread 3 ] DEBUG Engine               - globalMusicVolumeProperty: DoubleProperty [value: 0.5]
00:15:21.645 [FXGL Background Thread 3 ] DEBUG Engine               - globalSoundVolume: 0.5
00:15:21.645 [FXGL Background Thread 3 ] DEBUG Engine               - globalSoundVolumeProperty: DoubleProperty [value: 0.5]
00:15:21.645 [FXGL Background Thread 3 ] DEBUG Engine               - height: 887
00:15:21.645 [FXGL Background Thread 3 ] DEBUG Engine               - is3D: false
00:15:21.645 [FXGL Background Thread 3 ] DEBUG Engine               - isAndroid: false
00:15:21.645 [FXGL Background Thread 3 ] DEBUG Engine               - isBrowser: false
00:15:21.645 [FXGL Background Thread 3 ] DEBUG Engine               - isClickFeedbackEnabled: false
00:15:21.645 [FXGL Background Thread 3 ] DEBUG Engine               - isCloseConfirmation: false
00:15:21.645 [FXGL Background Thread 3 ] DEBUG Engine               - isDesktop: true
00:15:21.645 [FXGL Background Thread 3 ] DEBUG Engine               - isDeveloperMenuEnabled: false
00:15:21.645 [FXGL Background Thread 3 ] DEBUG Engine               - isEmbedded: false
00:15:21.645 [FXGL Background Thread 3 ] DEBUG Engine               - isEntityPreloadEnabled: true
00:15:21.645 [FXGL Background Thread 3 ] DEBUG Engine               - isExperimentalTiledLargeMap: false
00:15:21.645 [FXGL Background Thread 3 ] DEBUG Engine               - isFileSystemWriteAllowed: true
00:15:21.645 [FXGL Background Thread 3 ] DEBUG Engine               - isFullScreenAllowed: false
00:15:21.645 [FXGL Background Thread 3 ] DEBUG Engine               - isFullScreenFromStart: false
00:15:21.645 [FXGL Background Thread 3 ] DEBUG Engine               - isGameMenuEnabled: true
00:15:21.645 [FXGL Background Thread 3 ] DEBUG Engine               - isIOS: false
00:15:21.645 [FXGL Background Thread 3 ] DEBUG Engine               - isIntroEnabled: false
00:15:21.645 [FXGL Background Thread 3 ] DEBUG Engine               - isLinux: false
00:15:21.645 [FXGL Background Thread 3 ] DEBUG Engine               - isMac: false
00:15:21.645 [FXGL Background Thread 3 ] DEBUG Engine               - isMainMenuEnabled: false
00:15:21.645 [FXGL Background Thread 3 ] DEBUG Engine               - isManualResizeEnabled: false
00:15:21.645 [FXGL Background Thread 3 ] DEBUG Engine               - isMobile: false
00:15:21.645 [FXGL Background Thread 3 ] DEBUG Engine               - isNative: false
00:15:21.645 [FXGL Background Thread 3 ] DEBUG Engine               - isPauseMusicWhenMinimized: true
00:15:21.645 [FXGL Background Thread 3 ] DEBUG Engine               - isPreserveResizeRatio: false
00:15:21.645 [FXGL Background Thread 3 ] DEBUG Engine               - isProfilingEnabled: false
00:15:21.645 [FXGL Background Thread 3 ] DEBUG Engine               - isScaleAffectedOnResize: true
00:15:21.645 [FXGL Background Thread 3 ] DEBUG Engine               - isSingleStep: false
00:15:21.645 [FXGL Background Thread 3 ] DEBUG Engine               - isUserProfileEnabled: false
00:15:21.645 [FXGL Background Thread 3 ] DEBUG Engine               - isWindows: true
00:15:21.645 [FXGL Background Thread 3 ] DEBUG Engine               - language: ObjectProperty [value: ENGLISH]
00:15:21.645 [FXGL Background Thread 3 ] DEBUG Engine               - menuKey: ESCAPE
00:15:21.645 [FXGL Background Thread 3 ] DEBUG Engine               - mouseSensitivity: 0.2
00:15:21.645 [FXGL Background Thread 3 ] DEBUG Engine               - notificationViewClass: class com.almasb.fxgl.notification.view.XboxNotificationView
00:15:21.645 [FXGL Background Thread 3 ] DEBUG Engine               - pixelsPerMeter: 50.0
00:15:21.645 [FXGL Background Thread 3 ] DEBUG Engine               - platform: WINDOWS
00:15:21.645 [FXGL Background Thread 3 ] DEBUG Engine               - prefHeightProperty: ReadOnlyDoubleProperty [value: 887.0]
00:15:21.645 [FXGL Background Thread 3 ] DEBUG Engine               - prefWidthProperty: ReadOnlyDoubleProperty [value: 1386.0]
00:15:21.645 [FXGL Background Thread 3 ] DEBUG Engine               - profileDir: profiles/
00:15:21.645 [FXGL Background Thread 3 ] DEBUG Engine               - profileName: StringProperty [value: DEFAULT]
00:15:21.645 [FXGL Background Thread 3 ] DEBUG Engine               - randomSeed: -1
00:15:21.646 [FXGL Background Thread 3 ] DEBUG Engine               - runtimeInfo: RuntimeInfo(platform=WINDOWS, version=21.1, build=27.03.2024 07.52)
00:15:21.646 [FXGL Background Thread 3 ] DEBUG Engine               - saveFileExt: sav
00:15:21.646 [FXGL Background Thread 3 ] DEBUG Engine               - scaledHeightProp$fxgl: DoubleProperty [bound, value: 887.0]
00:15:21.646 [FXGL Background Thread 3 ] DEBUG Engine               - scaledWidthProp$fxgl: DoubleProperty [bound, value: 1386.0]
00:15:21.646 [FXGL Background Thread 3 ] DEBUG Engine               - sceneFactory: com.almasb.fxgl.app.scene.SceneFactory@187b1f50
00:15:21.646 [FXGL Background Thread 3 ] DEBUG Engine               - secondsIn24h: 60
00:15:21.646 [FXGL Background Thread 3 ] DEBUG Engine               - soundMenuBack: menu/back.wav
00:15:21.646 [FXGL Background Thread 3 ] DEBUG Engine               - soundMenuPress: menu/press.wav
00:15:21.646 [FXGL Background Thread 3 ] DEBUG Engine               - soundMenuSelect: menu/select.wav
00:15:21.646 [FXGL Background Thread 3 ] DEBUG Engine               - soundNotification: core/notification.wav
00:15:21.646 [FXGL Background Thread 3 ] DEBUG Engine               - stageStyle: DECORATED
00:15:21.646 [FXGL Background Thread 3 ] DEBUG Engine               - supportedLanguages: [ENGLISH, FRENCH, GERMAN, HUNGARIAN, RUSSIAN]
00:15:21.646 [FXGL Background Thread 3 ] DEBUG Engine               - ticksPerSecond: -1
00:15:21.646 [FXGL Background Thread 3 ] DEBUG Engine               - title: 中国象棋 1.0
00:15:21.646 [FXGL Background Thread 3 ] DEBUG Engine               - urlGithub: https://github.com/AlmasB/FXGL
00:15:21.646 [FXGL Background Thread 3 ] DEBUG Engine               - urlLeaderboard: http://fxgl-top.herokuapp.com/
00:15:21.646 [FXGL Background Thread 3 ] DEBUG Engine               - urlPOM: https://raw.githubusercontent.com/AlmasB/FXGL/release/README.md
00:15:21.646 [FXGL Background Thread 3 ] DEBUG Engine               - userAppClass: class edu.sustech.xiangqi.XiangQiApp
00:15:21.646 [FXGL Background Thread 3 ] DEBUG Engine               - version: 1.0
00:15:21.646 [FXGL Background Thread 3 ] DEBUG Engine               - versionCheckDays: 7
00:15:21.646 [FXGL Background Thread 3 ] DEBUG Engine               - width: 1386
00:15:21.646 [FXGL Background Thread 3 ] DEBUG Engine               - Logging services
00:15:21.646 [FXGL Background Thread 3 ] DEBUG Engine               - class com.almasb.fxgl.app.services.FXGLAssetLoaderService
00:15:21.646 [FXGL Background Thread 3 ] DEBUG Engine               - class com.almasb.fxgl.app.FXGLApplication$GameApplicationService
00:15:21.646 [FXGL Background Thread 3 ] DEBUG Engine               - class com.almasb.fxgl.app.services.FXGLDialogService
00:15:21.646 [FXGL Background Thread 3 ] DEBUG Engine               - class com.almasb.fxgl.app.services.IOTaskExecutorService
00:15:21.646 [FXGL Background Thread 3 ] DEBUG Engine               - class com.almasb.fxgl.io.FileSystemService
00:15:21.646 [FXGL Background Thread 3 ] DEBUG Engine               - class com.almasb.fxgl.localization.LocalizationService
00:15:21.646 [FXGL Background Thread 3 ] DEBUG Engine               - class com.almasb.fxgl.app.services.SystemBundleService
00:15:21.646 [FXGL Background Thread 3 ] DEBUG Engine               - class com.almasb.fxgl.profile.SaveLoadService
00:15:21.646 [FXGL Background Thread 3 ] DEBUG Engine               - class com.almasb.fxgl.ui.FXGLUIFactoryServiceProvider
00:15:21.646 [FXGL Background Thread 3 ] DEBUG Engine               - class com.almasb.fxgl.ui.FXGLDialogFactoryServiceProvider
00:15:21.646 [FXGL Background Thread 3 ] DEBUG Engine               - class com.almasb.fxgl.audio.AudioPlayer
00:15:21.646 [FXGL Background Thread 3 ] DEBUG Engine               - class com.almasb.fxgl.notification.impl.NotificationServiceProvider
00:15:21.646 [FXGL Background Thread 3 ] DEBUG Engine               - class com.almasb.fxgl.achievement.AchievementService
00:15:21.646 [FXGL Background Thread 3 ] DEBUG Engine               - class com.almasb.fxgl.cutscene.CutsceneService
00:15:21.646 [FXGL Background Thread 3 ] DEBUG Engine               - class com.almasb.fxgl.minigames.MiniGameService
00:15:21.646 [FXGL Background Thread 3 ] DEBUG Engine               - class com.almasb.fxgl.net.NetService
00:15:21.646 [FXGL Background Thread 3 ] DEBUG Engine               - class com.almasb.fxgl.app.services.UpdaterService
00:15:21.646 [FXGL Background Thread 3 ] DEBUG Engine               - class com.almasb.fxgl.dev.DevService
00:15:45.806 [JavaFX Application Thread] DEBUG FXGLApplication      - Exiting FXGL
00:15:45.806 [JavaFX Application Thread] DEBUG LoopRunner           - Stopping loop
00:15:45.806 [JavaFX Application Thread] DEBUG SystemBundleService  - Saving FXGL system data
00:15:45.807 [JavaFX Application Thread] DEBUG FileSystemAccess     - Writing to: D:\Github\javaA-xiangqi-project\system\fxgl.bundle
00:15:45.807 [JavaFX Application Thread] DEBUG Async                - Shutting down background threads
00:15:45.807 [JavaFX Application Thread] DEBUG PrimaryStageWindow   - Closing main window
00:15:45.823 [JavaFX Application Thread] DEBUG Logger               - Closing Logger
