23:29:37.558 [main                     ] DEBUG Logger               - Configured Logger
23:29:37.573 [main                     ] DEBUG GameApplication      - Logging settings
Title: 中国象棋 1.0
Version: 1.0
Width: 1386
Height: 887
Fullscreen: false
Intro: false
Profiling: false
Single step:false
App Mode: DEVELOPER
Menu Key: ESCAPE
Stage Style: DECORATED
Scene Factory: class com.almasb.fxgl.app.scene.SceneFactory

23:29:37.936 [JavaFX Application Thread] DEBUG FXGLApplication      - Initializing FXGL
23:29:37.938 [JavaFX Application Thread] INFO  Engine               - FXGL-21.1 (27.03.2024 07.52) on WINDOWS (J:23.0.1 FX:21.0.1)
23:29:37.938 [JavaFX Application Thread] DEBUG Engine               - JRE Vendor Name: Oracle Corporation
23:29:37.938 [JavaFX Application Thread] DEBUG Engine               - Running on OS: Windows 11 version 10.0
23:29:37.938 [JavaFX Application Thread] DEBUG Engine               - Architecture: amd64
23:29:37.938 [JavaFX Application Thread] INFO  Engine               - Source code and latest versions at: https://github.com/AlmasB/FXGL
23:29:37.938 [JavaFX Application Thread] INFO  Engine               -       Ask questions and discuss at: https://github.com/AlmasB/FXGL/discussions
23:29:37.938 [JavaFX Application Thread] INFO  Engine               -              Join the FXGL chat at: https://gitter.im/AlmasB/FXGL
23:29:37.995 [JavaFX Application Thread] DEBUG PrimaryStageWindow   - Creating a JavaFX scene
23:29:38.022 [JavaFX Application Thread] DEBUG PrimaryStageWindow   - Target settings size: 1386.0 x 887.0
23:29:38.022 [JavaFX Application Thread] DEBUG PrimaryStageWindow   - Scaled scene size:    1386.0 x 887.0
23:29:38.022 [JavaFX Application Thread] DEBUG PrimaryStageWindow   - Scaled ratio: (1.0, 1.0)
23:29:38.022 [JavaFX Application Thread] DEBUG PrimaryStageWindow   - Set initial scene to FXGLStartupScene
23:29:38.024 [JavaFX Application Thread] DEBUG PrimaryStageWindow   - Opening main window
23:29:38.107 [JavaFX Application Thread] DEBUG PrimaryStageWindow   - Window border size: (14.6666259765625, 37.66668701171875)
23:29:38.107 [JavaFX Application Thread] DEBUG PrimaryStageWindow   - Scaled size: 1386.0 x 887.0
23:29:38.107 [JavaFX Application Thread] DEBUG PrimaryStageWindow   - Scaled ratio: (1.0, 1.0)
23:29:38.107 [JavaFX Application Thread] DEBUG PrimaryStageWindow   - Scene size: 1386.0 x 887.0
23:29:38.107 [JavaFX Application Thread] DEBUG PrimaryStageWindow   - Stage size: 1400.6666259765625 x 924.6666870117188
23:29:38.112 [FXGL Background Thread 1 ] DEBUG Engine               - Initializing environment variables
23:29:38.144 [FXGL Background Thread 1 ] DEBUG FXGLAssetLoaderServi - User app class for loading assets: class edu.sustech.xiangqi.XiangQiApp
23:29:38.144 [FXGL Background Thread 1 ] DEBUG GameApplicationServi - Applying CSS: fxgl_dark.css
23:29:38.145 [FXGL Background Thread 1 ] DEBUG FXGLAssetLoaderServi - Loading from file system: jar:file:/C:/Users/20140/.m2/repository/com/github/almasb/fxgl/21.1/fxgl-21.1.jar!/fxglassets/ui/css/fxgl_dark.css
23:29:38.170 [FXGL Background Thread 1 ] DEBUG GameApplicationServi - Initializing application scenes
23:29:38.226 [FXGL Background Thread 1 ] DEBUG GameWorld            - Game world initialized
23:29:38.271 [FXGL Background Thread 1 ] DEBUG PhysicsWorld         - Physics world initialized: appHeight=887, physics.ppm=50.0
23:29:38.272 [FXGL Background Thread 1 ] DEBUG PhysicsWorld         - Using strategy: BRUTE_FORCE
23:29:38.274 [FXGL Background Thread 1 ] DEBUG GameScene            - Game scene initialized: 1386x887
23:29:38.282 [FXGL Background Thread 1 ] DEBUG FXGL.DefaultMenu     - createMenuBodyGameMenu()
23:29:38.290 [FXGL Background Thread 1 ] DEBUG FXGL.DefaultMenu     - createOptionsMenu()
23:29:38.297 [FXGL Background Thread 1 ] DEBUG FXGLAssetLoaderServi - Loading from file system: jar:file:/C:/Users/20140/.m2/repository/com/github/almasb/fxgl/21.1/fxgl-21.1.jar!/fxglassets/textures/particles/smoke.png
23:29:38.372 [FXGL Background Thread 1 ] DEBUG FXGLAssetLoaderServi - Loading from file system: jar:file:/C:/Users/20140/.m2/repository/com/github/almasb/fxgl/21.1/fxgl-21.1.jar!/fxglassets/textures/particles/trace_horizontal.png
23:29:38.390 [FXGL Background Thread 1 ] DEBUG GameApplicationServi - Application scenes initialized
23:29:38.400 [FXGL Background Thread 1 ] DEBUG SystemBundleService  - Loading FXGL system data
23:29:38.401 [FXGL Background Thread 1 ] DEBUG FileSystemAccess     - Reading from: D:\Github\javaA-xiangqi-project\system\fxgl.bundle
23:29:38.402 [FXGL Background Thread 1 ] DEBUG SystemBundleService  - Bundle FXGL: {}
23:29:38.402 [FXGL Background Thread 1 ] DEBUG UpdaterService       - Checking for updates
23:29:38.404 [FXGL Background Thread 4 ] DEBUG FXGLApplication      - Loading fonts
23:29:38.404 [FXGL Background Thread 1 ] DEBUG FXGLApplication      - Loading default localization
23:29:38.404 [FXGL Background Thread 4 ] DEBUG FXGLAssetLoaderServi - Loading from file system: jar:file:/C:/Users/20140/.m2/repository/com/github/almasb/fxgl/21.1/fxgl-21.1.jar!/fxglassets/ui/fonts/VarelaRound-Regular.ttf
23:29:38.405 [FXGL Background Thread 1 ] DEBUG FXGLAssetLoaderServi - Loading from file system: jar:file:/C:/Users/20140/.m2/repository/com/github/almasb/fxgl/21.1/fxgl-21.1.jar!/fxglassets/languages/english.lang
23:29:38.421 [FXGL Background Thread 4 ] DEBUG FXGLAssetLoaderServi - Loading from file system: jar:file:/C:/Users/20140/.m2/repository/com/github/almasb/fxgl/21.1/fxgl-21.1.jar!/fxglassets/ui/fonts/Abel-Regular.ttf
23:29:38.429 [FXGL Background Thread 1 ] INFO  FXGLApplication      - FXGL initialization took: 0.318 sec
23:29:38.434 [JavaFX Application Thread] DEBUG Input                - Registered new binding: Click - LMB
23:29:38.434 [JavaFX Application Thread] DEBUG FXGLAssetLoaderServi - Loading from file system: jar:file:/C:/Users/20140/.m2/repository/com/github/almasb/fxgl/21.1/fxgl-21.1.jar!/fxglassets/textures/fxgl_icon.png
23:29:38.444 [FXGL Background Thread 4 ] DEBUG FXGLAssetLoaderServi - Loading from file system: jar:file:/C:/Users/20140/.m2/repository/com/github/almasb/fxgl/21.1/fxgl-21.1.jar!/fxglassets/ui/fonts/TerminalLandMono-Regular.otf
23:29:38.448 [JavaFX Application Thread] DEBUG FXGLAssetLoaderServi - Loading from file system: jar:file:/C:/Users/20140/.m2/repository/com/github/almasb/fxgl/21.1/fxgl-21.1.jar!/fxglassets/textures/fxgl_default_cursor.png
23:29:38.453 [FXGL Background Thread 4 ] DEBUG FXGLAssetLoaderServi - Loading from file system: jar:file:/C:/Users/20140/.m2/repository/com/github/almasb/fxgl/21.1/fxgl-21.1.jar!/fxglassets/ui/fonts/Courier-Prime.ttf
23:29:38.460 [JavaFX Application Thread] DEBUG Input                - Registered new binding: Screenshot - CTRL+8
23:29:38.462 [JavaFX Application Thread] DEBUG Input                - Registered new binding: System info dump - CTRL+9
23:29:38.462 [JavaFX Application Thread] DEBUG Input                - Registered new binding: Restart - CTRL+R
23:29:38.465 [JavaFX Application Thread] DEBUG Input                - Registered new binding: Toggle Debug Camera - CTRL+7
23:29:38.470 [JavaFX Application Thread] DEBUG LoopRunner           - Starting loop
23:29:38.470 [JavaFX Application Thread] DEBUG LoopRunner           - Initializing JavaFX AnimationTimerLoop
23:29:38.474 [JavaFX Application Thread] DEBUG GameApplicationServi - Starting new game
23:29:38.474 [JavaFX Application Thread] DEBUG Input                - Clearing active input actions
23:29:38.486 [JavaFX Application Thread] DEBUG GameApplicationServi - Removing overlay from FXGLStartupScene and adding to FXGLLoadingScene
23:29:38.486 [JavaFX Application Thread] DEBUG PrimaryStageWindow   - FXGLStartupScene -> FXGLLoadingScene
23:29:38.486 [JavaFX Application Thread] DEBUG GameApplicationServi - Clearing previous game
23:29:38.486 [JavaFX Application Thread] DEBUG GameScene            - Clearing game scene
23:29:38.486 [JavaFX Application Thread] DEBUG GameWorld            - Clearing game world
23:29:38.486 [JavaFX Application Thread] DEBUG PhysicsWorld         - Clearing physics world
23:29:38.488 [FXGL Background Thread 4 ] DEBUG FXGLApplication      - Initializing game
23:29:38.490 [JavaFX Application Thread] DEBUG FXGLApplication      - Registering font factories with UI factory
23:29:38.510 [FXGL Background Thread 4 ] DEBUG FXGLAssetLoaderServi - Loading from file system: file:/D:/Github/javaA-xiangqi-project/target/classes/assets/textures/BackGround1.jpg
23:29:38.543 [FXGL Background Thread 4 ] DEBUG FXGLAssetLoaderServi - Loading from file system: file:/D:/Github/javaA-xiangqi-project/target/classes/assets/textures/Board.png
23:29:38.559 [FXGL Background Thread 4 ] DEBUG FXGLAssetLoaderServi - Loading from file system: file:/D:/Github/javaA-xiangqi-project/target/classes/assets/textures/BlackChariot.png
23:29:38.582 [FXGL Background Thread 4 ] DEBUG FXGLAssetLoaderServi - Loading from file system: file:/D:/Github/javaA-xiangqi-project/target/classes/assets/textures/BlackHorse.png
23:29:38.584 [FXGL Background Thread 4 ] DEBUG FXGLAssetLoaderServi - Loading from file system: file:/D:/Github/javaA-xiangqi-project/target/classes/assets/textures/BlackElephant.png
23:29:38.586 [FXGL Background Thread 4 ] DEBUG FXGLAssetLoaderServi - Loading from file system: file:/D:/Github/javaA-xiangqi-project/target/classes/assets/textures/BlackAdvisor.png
23:29:38.586 [FXGL Background Thread 4 ] DEBUG FXGLAssetLoaderServi - Loading from file system: file:/D:/Github/javaA-xiangqi-project/target/classes/assets/textures/BlackGeneral.png
23:29:38.589 [FXGL Background Thread 4 ] DEBUG FXGLAssetLoaderServi - Loading from file system: file:/D:/Github/javaA-xiangqi-project/target/classes/assets/textures/BlackCannon.png
23:29:38.591 [FXGL Background Thread 4 ] DEBUG FXGLAssetLoaderServi - Loading from file system: file:/D:/Github/javaA-xiangqi-project/target/classes/assets/textures/BlackSoldier.png
23:29:38.594 [FXGL Background Thread 4 ] DEBUG FXGLAssetLoaderServi - Loading from file system: file:/D:/Github/javaA-xiangqi-project/target/classes/assets/textures/RedSoldier.png
23:29:38.596 [FXGL Background Thread 4 ] DEBUG FXGLAssetLoaderServi - Loading from file system: file:/D:/Github/javaA-xiangqi-project/target/classes/assets/textures/RedCannon.png
23:29:38.598 [FXGL Background Thread 4 ] DEBUG FXGLAssetLoaderServi - Loading from file system: file:/D:/Github/javaA-xiangqi-project/target/classes/assets/textures/RedChariot.png
23:29:38.599 [FXGL Background Thread 4 ] DEBUG FXGLAssetLoaderServi - Loading from file system: file:/D:/Github/javaA-xiangqi-project/target/classes/assets/textures/RedHorse.png
23:29:38.601 [FXGL Background Thread 4 ] DEBUG FXGLAssetLoaderServi - Loading from file system: file:/D:/Github/javaA-xiangqi-project/target/classes/assets/textures/RedElephant.png
23:29:38.602 [FXGL Background Thread 4 ] DEBUG FXGLAssetLoaderServi - Loading from file system: file:/D:/Github/javaA-xiangqi-project/target/classes/assets/textures/RedAdvisor.png
23:29:38.603 [FXGL Background Thread 4 ] DEBUG FXGLAssetLoaderServi - Loading from file system: file:/D:/Github/javaA-xiangqi-project/target/classes/assets/textures/RedGeneral.png
23:29:38.609 [FXGL Background Thread 4 ] INFO  FXGLApplication      - Game initialization took: 0.120 sec
23:29:38.616 [JavaFX Application Thread] DEBUG Input                - Clearing active input actions
23:29:38.625 [JavaFX Application Thread] DEBUG GameApplicationServi - Removing overlay from FXGLLoadingScene and adding to GameScene
23:29:38.625 [JavaFX Application Thread] DEBUG PrimaryStageWindow   - FXGLLoadingScene -> GameScene
23:29:41.404 [FXGL Background Thread 3 ] DEBUG Engine               - Logging environment variables
23:29:41.404 [FXGL Background Thread 3 ] DEBUG Engine               - achievements: []
23:29:41.404 [FXGL Background Thread 3 ] DEBUG Engine               - actualHeight: 887.0
23:29:41.404 [FXGL Background Thread 3 ] DEBUG Engine               - actualHeightProperty: ReadOnlyDoubleProperty [value: 887.0]
23:29:41.404 [FXGL Background Thread 3 ] DEBUG Engine               - actualWidth: 1386.0
23:29:41.404 [FXGL Background Thread 3 ] DEBUG Engine               - actualWidthProperty: ReadOnlyDoubleProperty [value: 1386.0]
23:29:41.404 [FXGL Background Thread 3 ] DEBUG Engine               - appIcon: fxgl_icon.png
23:29:41.404 [FXGL Background Thread 3 ] DEBUG Engine               - applicationMode: DEVELOPER
23:29:41.404 [FXGL Background Thread 3 ] DEBUG Engine               - cSSList: [fxgl_dark.css]
23:29:41.404 [FXGL Background Thread 3 ] DEBUG Engine               - collisionDetectionStrategy: BRUTE_FORCE
23:29:41.404 [FXGL Background Thread 3 ] DEBUG Engine               - configClass: Optional.empty
23:29:41.404 [FXGL Background Thread 3 ] DEBUG Engine               - credits: []
23:29:41.404 [FXGL Background Thread 3 ] DEBUG Engine               - defaultCursor: CursorInfo(imageName=fxgl_default_cursor.png, hotspotX=7.0, hotspotY=6.0)
23:29:41.404 [FXGL Background Thread 3 ] DEBUG Engine               - devBBoxColorProperty: ObjectProperty [value: 0xff0000ff]
23:29:41.404 [FXGL Background Thread 3 ] DEBUG Engine               - devEnableDebugCameraProperty: BooleanProperty [value: false]
23:29:41.404 [FXGL Background Thread 3 ] DEBUG Engine               - devSensorColorProperty: ObjectProperty [value: 0xffff00ff]
23:29:41.404 [FXGL Background Thread 3 ] DEBUG Engine               - devShowBBoxProperty: BooleanProperty [value: false]
23:29:41.404 [FXGL Background Thread 3 ] DEBUG Engine               - devShowPositionProperty: BooleanProperty [value: false]
23:29:41.404 [FXGL Background Thread 3 ] DEBUG Engine               - enabledMenuItems: []
23:29:41.404 [FXGL Background Thread 3 ] DEBUG Engine               - engineServices: [class com.almasb.fxgl.app.services.FXGLAssetLoaderService, class com.almasb.fxgl.app.FXGLApplication$GameApplicationService, class com.almasb.fxgl.app.services.FXGLDialogService, class com.almasb.fxgl.app.services.IOTaskExecutorService, class com.almasb.fxgl.io.FileSystemService, class com.almasb.fxgl.localization.LocalizationService, class com.almasb.fxgl.app.services.SystemBundleService, class com.almasb.fxgl.profile.SaveLoadService, class com.almasb.fxgl.ui.FXGLUIFactoryServiceProvider, class com.almasb.fxgl.ui.FXGLDialogFactoryServiceProvider, class com.almasb.fxgl.audio.AudioPlayer, class com.almasb.fxgl.notification.impl.NotificationServiceProvider, class com.almasb.fxgl.achievement.AchievementService, class com.almasb.fxgl.cutscene.CutsceneService, class com.almasb.fxgl.minigames.MiniGameService, class com.almasb.fxgl.net.NetService, class com.almasb.fxgl.app.services.UpdaterService, class com.almasb.fxgl.dev.DevService]
23:29:41.404 [FXGL Background Thread 3 ] DEBUG Engine               - fontGame: Abel-Regular.ttf
23:29:41.404 [FXGL Background Thread 3 ] DEBUG Engine               - fontMono: TerminalLandMono-Regular.otf
23:29:41.404 [FXGL Background Thread 3 ] DEBUG Engine               - fontSizeScaleUI: 1.0
23:29:41.404 [FXGL Background Thread 3 ] DEBUG Engine               - fontText: Courier-Prime.ttf
23:29:41.404 [FXGL Background Thread 3 ] DEBUG Engine               - fontUI: VarelaRound-Regular.ttf
23:29:41.406 [FXGL Background Thread 3 ] DEBUG Engine               - fullScreen: BooleanProperty [value: false]
23:29:41.406 [FXGL Background Thread 3 ] DEBUG Engine               - gameDifficulty: MEDIUM
23:29:41.406 [FXGL Background Thread 3 ] DEBUG Engine               - gameDifficultyProperty: ObjectProperty [value: MEDIUM]
23:29:41.406 [FXGL Background Thread 3 ] DEBUG Engine               - globalMusicVolume: 0.5
23:29:41.406 [FXGL Background Thread 3 ] DEBUG Engine               - globalMusicVolumeProperty: DoubleProperty [value: 0.5]
23:29:41.406 [FXGL Background Thread 3 ] DEBUG Engine               - globalSoundVolume: 0.5
23:29:41.406 [FXGL Background Thread 3 ] DEBUG Engine               - globalSoundVolumeProperty: DoubleProperty [value: 0.5]
23:29:41.406 [FXGL Background Thread 3 ] DEBUG Engine               - height: 887
23:29:41.406 [FXGL Background Thread 3 ] DEBUG Engine               - is3D: false
23:29:41.406 [FXGL Background Thread 3 ] DEBUG Engine               - isAndroid: false
23:29:41.406 [FXGL Background Thread 3 ] DEBUG Engine               - isBrowser: false
23:29:41.406 [FXGL Background Thread 3 ] DEBUG Engine               - isClickFeedbackEnabled: false
23:29:41.406 [FXGL Background Thread 3 ] DEBUG Engine               - isCloseConfirmation: false
23:29:41.406 [FXGL Background Thread 3 ] DEBUG Engine               - isDesktop: true
23:29:41.406 [FXGL Background Thread 3 ] DEBUG Engine               - isDeveloperMenuEnabled: false
23:29:41.406 [FXGL Background Thread 3 ] DEBUG Engine               - isEmbedded: false
23:29:41.406 [FXGL Background Thread 3 ] DEBUG Engine               - isEntityPreloadEnabled: true
23:29:41.406 [FXGL Background Thread 3 ] DEBUG Engine               - isExperimentalTiledLargeMap: false
23:29:41.406 [FXGL Background Thread 3 ] DEBUG Engine               - isFileSystemWriteAllowed: true
23:29:41.406 [FXGL Background Thread 3 ] DEBUG Engine               - isFullScreenAllowed: false
23:29:41.406 [FXGL Background Thread 3 ] DEBUG Engine               - isFullScreenFromStart: false
23:29:41.406 [FXGL Background Thread 3 ] DEBUG Engine               - isGameMenuEnabled: true
23:29:41.406 [FXGL Background Thread 3 ] DEBUG Engine               - isIOS: false
23:29:41.406 [FXGL Background Thread 3 ] DEBUG Engine               - isIntroEnabled: false
23:29:41.406 [FXGL Background Thread 3 ] DEBUG Engine               - isLinux: false
23:29:41.406 [FXGL Background Thread 3 ] DEBUG Engine               - isMac: false
23:29:41.406 [FXGL Background Thread 3 ] DEBUG Engine               - isMainMenuEnabled: false
23:29:41.406 [FXGL Background Thread 3 ] DEBUG Engine               - isManualResizeEnabled: false
23:29:41.406 [FXGL Background Thread 3 ] DEBUG Engine               - isMobile: false
23:29:41.406 [FXGL Background Thread 3 ] DEBUG Engine               - isNative: false
23:29:41.406 [FXGL Background Thread 3 ] DEBUG Engine               - isPauseMusicWhenMinimized: true
23:29:41.406 [FXGL Background Thread 3 ] DEBUG Engine               - isPreserveResizeRatio: false
23:29:41.406 [FXGL Background Thread 3 ] DEBUG Engine               - isProfilingEnabled: false
23:29:41.406 [FXGL Background Thread 3 ] DEBUG Engine               - isScaleAffectedOnResize: true
23:29:41.406 [FXGL Background Thread 3 ] DEBUG Engine               - isSingleStep: false
23:29:41.406 [FXGL Background Thread 3 ] DEBUG Engine               - isUserProfileEnabled: false
23:29:41.406 [FXGL Background Thread 3 ] DEBUG Engine               - isWindows: true
23:29:41.406 [FXGL Background Thread 3 ] DEBUG Engine               - language: ObjectProperty [value: ENGLISH]
23:29:41.406 [FXGL Background Thread 3 ] DEBUG Engine               - menuKey: ESCAPE
23:29:41.406 [FXGL Background Thread 3 ] DEBUG Engine               - mouseSensitivity: 0.2
23:29:41.406 [FXGL Background Thread 3 ] DEBUG Engine               - notificationViewClass: class com.almasb.fxgl.notification.view.XboxNotificationView
23:29:41.406 [FXGL Background Thread 3 ] DEBUG Engine               - pixelsPerMeter: 50.0
23:29:41.406 [FXGL Background Thread 3 ] DEBUG Engine               - platform: WINDOWS
23:29:41.406 [FXGL Background Thread 3 ] DEBUG Engine               - prefHeightProperty: ReadOnlyDoubleProperty [value: 887.0]
23:29:41.407 [FXGL Background Thread 3 ] DEBUG Engine               - prefWidthProperty: ReadOnlyDoubleProperty [value: 1386.0]
23:29:41.407 [FXGL Background Thread 3 ] DEBUG Engine               - profileDir: profiles/
23:29:41.407 [FXGL Background Thread 3 ] DEBUG Engine               - profileName: StringProperty [value: DEFAULT]
23:29:41.407 [FXGL Background Thread 3 ] DEBUG Engine               - randomSeed: -1
23:29:41.407 [FXGL Background Thread 3 ] DEBUG Engine               - runtimeInfo: RuntimeInfo(platform=WINDOWS, version=21.1, build=27.03.2024 07.52)
23:29:41.407 [FXGL Background Thread 3 ] DEBUG Engine               - saveFileExt: sav
23:29:41.407 [FXGL Background Thread 3 ] DEBUG Engine               - scaledHeightProp$fxgl: DoubleProperty [bound, value: 887.0]
23:29:41.407 [FXGL Background Thread 3 ] DEBUG Engine               - scaledWidthProp$fxgl: DoubleProperty [bound, value: 1386.0]
23:29:41.407 [FXGL Background Thread 3 ] DEBUG Engine               - sceneFactory: com.almasb.fxgl.app.scene.SceneFactory@8af3fcc
23:29:41.407 [FXGL Background Thread 3 ] DEBUG Engine               - secondsIn24h: 60
23:29:41.407 [FXGL Background Thread 3 ] DEBUG Engine               - soundMenuBack: menu/back.wav
23:29:41.407 [FXGL Background Thread 3 ] DEBUG Engine               - soundMenuPress: menu/press.wav
23:29:41.407 [FXGL Background Thread 3 ] DEBUG Engine               - soundMenuSelect: menu/select.wav
23:29:41.407 [FXGL Background Thread 3 ] DEBUG Engine               - soundNotification: core/notification.wav
23:29:41.407 [FXGL Background Thread 3 ] DEBUG Engine               - stageStyle: DECORATED
23:29:41.407 [FXGL Background Thread 3 ] DEBUG Engine               - supportedLanguages: [ENGLISH, FRENCH, GERMAN, HUNGARIAN, RUSSIAN]
23:29:41.407 [FXGL Background Thread 3 ] DEBUG Engine               - ticksPerSecond: -1
23:29:41.407 [FXGL Background Thread 3 ] DEBUG Engine               - title: 中国象棋 1.0
23:29:41.407 [FXGL Background Thread 3 ] DEBUG Engine               - urlGithub: https://github.com/AlmasB/FXGL
23:29:41.407 [FXGL Background Thread 3 ] DEBUG Engine               - urlLeaderboard: http://fxgl-top.herokuapp.com/
23:29:41.407 [FXGL Background Thread 3 ] DEBUG Engine               - urlPOM: https://raw.githubusercontent.com/AlmasB/FXGL/release/README.md
23:29:41.407 [FXGL Background Thread 3 ] DEBUG Engine               - userAppClass: class edu.sustech.xiangqi.XiangQiApp
23:29:41.407 [FXGL Background Thread 3 ] DEBUG Engine               - version: 1.0
23:29:41.407 [FXGL Background Thread 3 ] DEBUG Engine               - versionCheckDays: 7
23:29:41.407 [FXGL Background Thread 3 ] DEBUG Engine               - width: 1386
23:29:41.407 [FXGL Background Thread 3 ] DEBUG Engine               - Logging services
23:29:41.407 [FXGL Background Thread 3 ] DEBUG Engine               - class com.almasb.fxgl.app.services.FXGLAssetLoaderService
23:29:41.407 [FXGL Background Thread 3 ] DEBUG Engine               - class com.almasb.fxgl.app.FXGLApplication$GameApplicationService
23:29:41.407 [FXGL Background Thread 3 ] DEBUG Engine               - class com.almasb.fxgl.app.services.FXGLDialogService
23:29:41.407 [FXGL Background Thread 3 ] DEBUG Engine               - class com.almasb.fxgl.app.services.IOTaskExecutorService
23:29:41.407 [FXGL Background Thread 3 ] DEBUG Engine               - class com.almasb.fxgl.io.FileSystemService
23:29:41.407 [FXGL Background Thread 3 ] DEBUG Engine               - class com.almasb.fxgl.localization.LocalizationService
23:29:41.407 [FXGL Background Thread 3 ] DEBUG Engine               - class com.almasb.fxgl.app.services.SystemBundleService
23:29:41.407 [FXGL Background Thread 3 ] DEBUG Engine               - class com.almasb.fxgl.profile.SaveLoadService
23:29:41.407 [FXGL Background Thread 3 ] DEBUG Engine               - class com.almasb.fxgl.ui.FXGLUIFactoryServiceProvider
23:29:41.407 [FXGL Background Thread 3 ] DEBUG Engine               - class com.almasb.fxgl.ui.FXGLDialogFactoryServiceProvider
23:29:41.407 [FXGL Background Thread 3 ] DEBUG Engine               - class com.almasb.fxgl.audio.AudioPlayer
23:29:41.407 [FXGL Background Thread 3 ] DEBUG Engine               - class com.almasb.fxgl.notification.impl.NotificationServiceProvider
23:29:41.407 [FXGL Background Thread 3 ] DEBUG Engine               - class com.almasb.fxgl.achievement.AchievementService
23:29:41.407 [FXGL Background Thread 3 ] DEBUG Engine               - class com.almasb.fxgl.cutscene.CutsceneService
23:29:41.407 [FXGL Background Thread 3 ] DEBUG Engine               - class com.almasb.fxgl.minigames.MiniGameService
23:29:41.407 [FXGL Background Thread 3 ] DEBUG Engine               - class com.almasb.fxgl.net.NetService
23:29:41.407 [FXGL Background Thread 3 ] DEBUG Engine               - class com.almasb.fxgl.app.services.UpdaterService
23:29:41.407 [FXGL Background Thread 3 ] DEBUG Engine               - class com.almasb.fxgl.dev.DevService
23:30:00.139 [JavaFX Application Thread] DEBUG FXGLApplication      - Exiting FXGL
23:30:00.139 [JavaFX Application Thread] DEBUG LoopRunner           - Stopping loop
23:30:00.139 [JavaFX Application Thread] DEBUG SystemBundleService  - Saving FXGL system data
23:30:00.140 [JavaFX Application Thread] DEBUG FileSystemAccess     - Writing to: D:\Github\javaA-xiangqi-project\system\fxgl.bundle
23:30:00.141 [JavaFX Application Thread] DEBUG Async                - Shutting down background threads
23:30:00.141 [JavaFX Application Thread] DEBUG PrimaryStageWindow   - Closing main window
23:30:00.159 [JavaFX Application Thread] DEBUG Logger               - Closing Logger
